<?xml version="1.0" encoding="UTF-8"?>
<testng-results skipped="0" failed="0" ignored="0" total="2" passed="2">
  <reporter-output>
  </reporter-output>
  <suite name="Default suite" duration-ms="26749" started-at="2019-01-03T13:15:01Z" finished-at="2019-01-03T13:15:28Z">
    <groups>
    </groups>
    <test name="Default test" duration-ms="26749" started-at="2019-01-03T13:15:01Z" finished-at="2019-01-03T13:15:28Z">
      <class name="selenium_basic.Firsttestngfile">
        <test-method status="PASS" signature="launchBrowser()[pri:0, instance:selenium_basic.Firsttestngfile@5bfbf16f]" name="launchBrowser" is-config="true" duration-ms="9715" started-at="2019-01-03T13:15:01Z" finished-at="2019-01-03T13:15:11Z">
          <reporter-output>
          </reporter-output>
        </test-method> <!-- launchBrowser -->
        <test-method status="PASS" signature="verifyHomepageTitle()[pri:2, instance:selenium_basic.Firsttestngfile@5bfbf16f]" name="verifyHomepageTitle" duration-ms="16" started-at="2019-01-03T13:15:11Z" description="test-1" finished-at="2019-01-03T13:15:11Z">
          <reporter-output>
          </reporter-output>
        </test-method> <!-- verifyHomepageTitle -->
        <test-method status="PASS" signature="terminateBrowser()[pri:0, instance:selenium_basic.Firsttestngfile@5bfbf16f]" name="terminateBrowser" is-config="true" duration-ms="5124" started-at="2019-01-03T13:15:11Z" finished-at="2019-01-03T13:15:16Z">
          <reporter-output>
          </reporter-output>
        </test-method> <!-- terminateBrowser -->
        <test-method status="PASS" signature="launchBrowser()[pri:0, instance:selenium_basic.Firsttestngfile@5bfbf16f]" name="launchBrowser" is-config="true" duration-ms="6711" started-at="2019-01-03T13:15:16Z" finished-at="2019-01-03T13:15:22Z">
          <reporter-output>
          </reporter-output>
        </test-method> <!-- launchBrowser -->
        <test-method status="PASS" signature="verifyHomepageTitle2()[pri:2, instance:selenium_basic.Firsttestngfile@5bfbf16f]" name="verifyHomepageTitle2" duration-ms="12" started-at="2019-01-03T13:15:22Z" description="test-2" finished-at="2019-01-03T13:15:22Z">
          <reporter-output>
          </reporter-output>
        </test-method> <!-- verifyHomepageTitle2 -->
        <test-method status="PASS" signature="terminateBrowser()[pri:0, instance:selenium_basic.Firsttestngfile@5bfbf16f]" name="terminateBrowser" is-config="true" duration-ms="5140" started-at="2019-01-03T13:15:22Z" finished-at="2019-01-03T13:15:28Z">
          <reporter-output>
          </reporter-output>
        </test-method> <!-- terminateBrowser -->
      </class> <!-- selenium_basic.Firsttestngfile -->
    </test> <!-- Default test -->
  </suite> <!-- Default suite -->
</testng-results>
